<?xml version="1.0" encoding="UTF-8"?>
<!-- Generated by org.testng.reporters.JUnitReportReporter -->
<<<<<<< HEAD
<testsuite skipped="0" hostname="DESKTOP-OB1OE1J" name="com.nitara.AccountManagement.UserLogin" tests="2" failures="0" timestamp="2021-09-02T18:06:17 IST" time="36.378" errors="1">
  <testcase name="userLogin" time="18.137" classname="com.nitara.AccountManagement.UserLogin"/>
  <system-out/>
  <testcase name="loginPage_Localisation" time="18.241" classname="com.nitara.AccountManagement.UserLogin">
    <error type="org.json.JSONException" message="JSONObject[&quot;mumbai&quot;] is not a string.">
      <![CDATA[org.json.JSONException: JSONObject["mumbai"] is not a string.
at org.json.JSONObject.wrongValueFormatException(JSONObject.java:2628)
at org.json.JSONObject.getString(JSONObject.java:863)
at com.nitara.Helper.Excel_Localisation.ExcelCompare(Excel_Localisation.java:73)
at com.nitara.AccountManagement.UserLogin.loginPage_Localisation(UserLogin.java:60)
at sun.reflect.NativeMethodAccessorImpl.invoke0(Native Method)
at sun.reflect.NativeMethodAccessorImpl.invoke(NativeMethodAccessorImpl.java:62)
at sun.reflect.DelegatingMethodAccessorImpl.invoke(DelegatingMethodAccessorImpl.java:43)
at java.lang.reflect.Method.invoke(Method.java:498)
at org.testng.internal.MethodInvocationHelper.invokeMethod(MethodInvocationHelper.java:133)
at org.testng.internal.TestInvoker.invokeMethod(TestInvoker.java:598)
=======
<testsuite hostname="DESKTOP-T1PK72O" failures="0" tests="3" name="com.nitara.AccountManagement.UserLogin" time="0.112" errors="1" timestamp="2021-10-27T21:24:07 IST" skipped="2">
  <testcase classname="com.nitara.AccountManagement.UserLogin" name="userLogin" time="0.000">
    <skipped/>
  </testcase> <!-- userLogin -->
  <system-out/>
  <testcase classname="com.nitara.AccountManagement.UserLogin" name="loginPage_Localisation" time="0.000">
    <skipped/>
  </testcase> <!-- loginPage_Localisation -->
  <system-out/>
  <testcase classname="com.nitara.AccountManagement.UserLogin" name="initialize" time="0.112">
    <error message="NodeJS is either not installed or its executable not present in PATH" type="io.appium.java_client.service.local.InvalidServerInstanceException">
      <![CDATA[io.appium.java_client.service.local.InvalidServerInstanceException: NodeJS is either not installed or its executable not present in PATH
at io.appium.java_client.service.local.AppiumServiceBuilder.validatePath(AppiumServiceBuilder.java:129)
at io.appium.java_client.service.local.AppiumServiceBuilder.findBinary(AppiumServiceBuilder.java:139)
at io.appium.java_client.service.local.AppiumServiceBuilder.findDefaultExecutable(AppiumServiceBuilder.java:182)
at org.openqa.selenium.remote.service.DriverService$Builder.build(DriverService.java:355)
at io.appium.java_client.service.local.AppiumDriverLocalService.buildService(AppiumDriverLocalService.java:91)
at com.nitara.utils.ServerManager.WindowsGetAppiumService(ServerManager.java:43)
at com.nitara.utils.ServerManager.startServer(ServerManager.java:24)
at com.nitara.GenericBase.GenericBase.initialize(GenericBase.java:60)
at java.base/jdk.internal.reflect.NativeMethodAccessorImpl.invoke0(Native Method)
at java.base/jdk.internal.reflect.NativeMethodAccessorImpl.invoke(NativeMethodAccessorImpl.java:64)
at java.base/jdk.internal.reflect.DelegatingMethodAccessorImpl.invoke(DelegatingMethodAccessorImpl.java:43)
at java.base/java.lang.reflect.Method.invoke(Method.java:564)
at org.testng.internal.MethodInvocationHelper.invokeMethod(MethodInvocationHelper.java:133)
at org.testng.internal.MethodInvocationHelper.invokeMethodConsideringTimeout(MethodInvocationHelper.java:62)
at org.testng.internal.ConfigInvoker.invokeConfigurationMethod(ConfigInvoker.java:385)
at org.testng.internal.ConfigInvoker.invokeConfigurations(ConfigInvoker.java:321)
at org.testng.internal.TestInvoker.runConfigMethods(TestInvoker.java:700)
at org.testng.internal.TestInvoker.invokeMethod(TestInvoker.java:527)
>>>>>>> 8b9c663d8e7fd2a620422b8a8270cb42626c5145
at org.testng.internal.TestInvoker.invokeTestMethod(TestInvoker.java:173)
at org.testng.internal.MethodRunner.runInSequence(MethodRunner.java:46)
at org.testng.internal.TestInvoker$MethodInvocationAgent.invoke(TestInvoker.java:824)
at org.testng.internal.TestInvoker.invokeTestMethods(TestInvoker.java:146)
at org.testng.internal.TestMethodWorker.invokeTestMethods(TestMethodWorker.java:146)
at org.testng.internal.TestMethodWorker.run(TestMethodWorker.java:128)
<<<<<<< HEAD
at java.util.ArrayList.forEach(ArrayList.java:1259)
=======
at java.base/java.util.ArrayList.forEach(ArrayList.java:1511)
>>>>>>> 8b9c663d8e7fd2a620422b8a8270cb42626c5145
at org.testng.TestRunner.privateRun(TestRunner.java:794)
at org.testng.TestRunner.run(TestRunner.java:596)
at org.testng.SuiteRunner.runTest(SuiteRunner.java:377)
at org.testng.SuiteRunner.runSequentially(SuiteRunner.java:371)
at org.testng.SuiteRunner.privateRun(SuiteRunner.java:332)
at org.testng.SuiteRunner.run(SuiteRunner.java:276)
at org.testng.SuiteRunnerWorker.runSuite(SuiteRunnerWorker.java:53)
at org.testng.SuiteRunnerWorker.run(SuiteRunnerWorker.java:96)
at org.testng.TestNG.runSuitesSequentially(TestNG.java:1212)
at org.testng.TestNG.runSuitesLocally(TestNG.java:1134)
at org.testng.TestNG.runSuites(TestNG.java:1063)
at org.testng.TestNG.run(TestNG.java:1031)
at org.testng.remote.AbstractRemoteTestNG.run(AbstractRemoteTestNG.java:115)
at org.testng.remote.RemoteTestNG.initAndRun(RemoteTestNG.java:251)
at org.testng.remote.RemoteTestNG.main(RemoteTestNG.java:77)
]]>
    </error>
<<<<<<< HEAD
  </testcase> <!-- loginPage_Localisation -->
=======
  </testcase> <!-- initialize -->
>>>>>>> 8b9c663d8e7fd2a620422b8a8270cb42626c5145
  <system-out/>
</testsuite> <!-- com.nitara.AccountManagement.UserLogin -->
